[2025-01-28 19:36:21,269: INFO: main: wELCOME TO OUR CUSTOM LOG]
[2025-01-28 19:36:35,233: INFO: main: WELCOME TO OUR CUSTOM LOG]
[2025-01-28 19:40:43,111: INFO: main: WELCOME TO OUR CUSTOM LOG]
[2025-01-29 18:16:02,942: INFO: common: yaml file : config/config.yaml loaded successfully]
[2025-01-29 18:16:02,949: INFO: common: yaml file : params.yaml loaded successfully]
[2025-01-29 18:16:02,952: INFO: common: created directory at : artifacts ]
[2025-01-29 18:16:02,956: INFO: common: created directory at : artifacts/data_ingestion ]
[2025-01-29 18:16:02,958: INFO: 986331348: Downloading data from https://drive.google.com/file/d/1dWCgBxAARec_MF61SrFlIa2BjwENO3gN/view?usp=sharing into file artifacts/data_ingestion/data.zip]
[2025-01-29 18:17:27,417: INFO: 986331348: Downloaded data from https://drive.google.com/file/d/1dWCgBxAARec_MF61SrFlIa2BjwENO3gN/view?usp=sharing into file artifacts/data_ingestion/data.zip]
[2025-01-29 18:51:32,848: INFO: main: >>>> stage Data Ingestion Stage started <<<<<

x=======x]
[2025-01-29 18:51:32,850: INFO: common: yaml file : config/config.yaml loaded successfully]
[2025-01-29 18:51:32,851: INFO: common: yaml file : params.yaml loaded successfully]
[2025-01-29 18:51:32,852: INFO: common: created directory at : artifacts ]
[2025-01-29 18:51:32,852: INFO: common: created directory at : artifacts/data_ingestion ]
[2025-01-29 18:51:32,853: INFO: data_ingestion: Downloading data from https://drive.google.com/file/d/1dWCgBxAARec_MF61SrFlIa2BjwENO3gN/view?usp=sharing into file artifacts/data_ingestion/data.zip]
[2025-01-29 18:52:58,895: INFO: data_ingestion: Downloaded data from https://drive.google.com/file/d/1dWCgBxAARec_MF61SrFlIa2BjwENO3gN/view?usp=sharing into file artifacts/data_ingestion/data.zip]
[2025-01-29 18:53:06,400: INFO: main: >>>> stage Data Ingestion Stage completed <<<<<

x=======x]
[2025-01-29 21:17:31,358: INFO: common: yaml file : config/config.yaml loaded successfully]
[2025-01-29 21:17:31,371: INFO: common: yaml file : params.yaml loaded successfully]
[2025-01-29 21:17:31,373: INFO: common: created directory at : artifacts ]
[2025-01-29 21:17:31,375: INFO: common: created directory at : artifacts/prepare_base_model ]
[2025-01-29 21:17:34,289: WARNING: saving_api: You are saving your model as an HDF5 file via `model.save()` or `keras.saving.save_model(model)`. This file format is considered legacy. We recommend using instead the native Keras format, e.g. `model.save('my_model.keras')` or `keras.saving.save_model(model, 'my_model.keras')`. ]
[2025-01-29 21:18:26,482: INFO: common: yaml file : config/config.yaml loaded successfully]
[2025-01-29 21:18:26,486: INFO: common: yaml file : params.yaml loaded successfully]
[2025-01-29 21:18:26,489: INFO: common: created directory at : artifacts ]
[2025-01-29 21:18:26,490: INFO: common: created directory at : artifacts/prepare_base_model ]
[2025-01-29 21:18:26,897: WARNING: saving_api: You are saving your model as an HDF5 file via `model.save()` or `keras.saving.save_model(model)`. This file format is considered legacy. We recommend using instead the native Keras format, e.g. `model.save('my_model.keras')` or `keras.saving.save_model(model, 'my_model.keras')`. ]
[2025-01-29 21:18:52,537: INFO: common: yaml file : config/config.yaml loaded successfully]
[2025-01-29 21:18:52,543: INFO: common: yaml file : params.yaml loaded successfully]
[2025-01-29 21:18:52,547: INFO: common: created directory at : artifacts ]
[2025-01-29 21:18:52,550: INFO: common: created directory at : artifacts/prepare_base_model ]
[2025-01-29 21:18:52,901: WARNING: saving_api: You are saving your model as an HDF5 file via `model.save()` or `keras.saving.save_model(model)`. This file format is considered legacy. We recommend using instead the native Keras format, e.g. `model.save('my_model.keras')` or `keras.saving.save_model(model, 'my_model.keras')`. ]
[2025-01-29 21:21:21,531: INFO: common: yaml file : config/config.yaml loaded successfully]
[2025-01-29 21:21:21,535: INFO: common: yaml file : params.yaml loaded successfully]
[2025-01-29 21:21:21,538: INFO: common: created directory at : artifacts ]
[2025-01-29 21:21:21,539: INFO: common: created directory at : artifacts/prepare_base_model ]
[2025-01-29 21:21:21,945: WARNING: saving_api: You are saving your model as an HDF5 file via `model.save()` or `keras.saving.save_model(model)`. This file format is considered legacy. We recommend using instead the native Keras format, e.g. `model.save('my_model.keras')` or `keras.saving.save_model(model, 'my_model.keras')`. ]
[2025-01-29 21:21:22,112: WARNING: saving_api: You are saving your model as an HDF5 file via `model.save()` or `keras.saving.save_model(model)`. This file format is considered legacy. We recommend using instead the native Keras format, e.g. `model.save('my_model.keras')` or `keras.saving.save_model(model, 'my_model.keras')`. ]
[2025-01-29 22:05:18,636: INFO: main: >>>> stage Data Ingestion Stage started <<<<<

x=======x]
[2025-01-29 22:05:18,638: INFO: common: yaml file : config/config.yaml loaded successfully]
[2025-01-29 22:05:18,641: INFO: common: yaml file : params.yaml loaded successfully]
[2025-01-29 22:05:18,642: INFO: common: created directory at : artifacts ]
[2025-01-29 22:05:18,642: INFO: common: created directory at : artifacts/data_ingestion ]
[2025-01-29 22:05:18,643: INFO: data_ingestion: Downloading data from https://drive.google.com/file/d/1dWCgBxAARec_MF61SrFlIa2BjwENO3gN/view?usp=sharing into file artifacts/data_ingestion/data.zip]
[2025-01-29 22:09:38,711: INFO: data_ingestion: Downloaded data from https://drive.google.com/file/d/1dWCgBxAARec_MF61SrFlIa2BjwENO3gN/view?usp=sharing into file artifacts/data_ingestion/data.zip]
[2025-01-29 22:09:50,681: INFO: main: >>>> stage Data Ingestion Stage completed <<<<<

x=======x]
[2025-01-29 22:10:49,375: INFO: main: >>>> stage Data Ingestion Stage started <<<<<

x=======x]
[2025-01-29 22:10:49,377: INFO: common: yaml file : config/config.yaml loaded successfully]
[2025-01-29 22:10:49,379: INFO: common: yaml file : params.yaml loaded successfully]
[2025-01-29 22:10:49,381: INFO: common: created directory at : artifacts ]
[2025-01-29 22:10:49,382: INFO: common: created directory at : artifacts/data_ingestion ]
[2025-01-29 22:10:49,382: INFO: data_ingestion: Downloading data from https://drive.google.com/file/d/1dWCgBxAARec_MF61SrFlIa2BjwENO3gN/view?usp=sharing into file artifacts/data_ingestion/data.zip]
[2025-01-29 22:17:24,712: INFO: data_ingestion: Downloaded data from https://drive.google.com/file/d/1dWCgBxAARec_MF61SrFlIa2BjwENO3gN/view?usp=sharing into file artifacts/data_ingestion/data.zip]
[2025-01-29 22:17:37,031: INFO: main: >>>> stage Data Ingestion Stage completed <<<<<

x=======x]
[2025-01-29 22:17:37,032: INFO: main: *********************************]
[2025-01-29 22:17:37,032: INFO: main: >>>>>>> stage Prepare base model started <<<<<<<<]
[2025-01-29 22:17:37,033: INFO: common: yaml file : config/config.yaml loaded successfully]
[2025-01-29 22:17:37,035: INFO: common: yaml file : params.yaml loaded successfully]
[2025-01-29 22:17:37,037: INFO: common: created directory at : artifacts ]
[2025-01-29 22:17:37,038: INFO: common: created directory at : artifacts/prepare_base_model ]
[2025-01-29 22:17:39,534: WARNING: saving_api: You are saving your model as an HDF5 file via `model.save()` or `keras.saving.save_model(model)`. This file format is considered legacy. We recommend using instead the native Keras format, e.g. `model.save('my_model.keras')` or `keras.saving.save_model(model, 'my_model.keras')`. ]
[2025-01-29 22:17:39,766: WARNING: saving_api: You are saving your model as an HDF5 file via `model.save()` or `keras.saving.save_model(model)`. This file format is considered legacy. We recommend using instead the native Keras format, e.g. `model.save('my_model.keras')` or `keras.saving.save_model(model, 'my_model.keras')`. ]
[2025-01-29 22:17:39,930: INFO: main: >>>>>>> stage Prepare base model completed <<<<<<<< ]
[2025-01-29 22:47:35,601: INFO: common: yaml file : config/config.yaml loaded successfully]
[2025-01-29 22:47:35,614: INFO: common: yaml file : params.yaml loaded successfully]
[2025-01-29 22:47:35,618: INFO: common: created directory at : artifacts ]
[2025-01-29 22:47:35,623: INFO: common: created directory at : artifacts/training ]
[2025-01-29 22:47:37,920: WARNING: saving_utils: Compiled the loaded model, but the compiled metrics have yet to be built. `model.compile_metrics` will be empty until you train or evaluate the model.]
[2025-01-29 23:10:36,256: INFO: common: yaml file : config/config.yaml loaded successfully]
[2025-01-29 23:10:36,263: INFO: common: yaml file : params.yaml loaded successfully]
[2025-01-29 23:10:36,266: INFO: common: created directory at : artifacts ]
[2025-01-29 23:10:36,269: INFO: common: created directory at : artifacts/training ]
[2025-01-29 23:10:39,232: WARNING: saving_utils: Compiled the loaded model, but the compiled metrics have yet to be built. `model.compile_metrics` will be empty until you train or evaluate the model.]
[2025-01-29 23:11:33,964: INFO: common: yaml file : config/config.yaml loaded successfully]
[2025-01-29 23:11:33,971: INFO: common: yaml file : params.yaml loaded successfully]
[2025-01-29 23:11:33,974: INFO: common: created directory at : artifacts ]
[2025-01-29 23:11:33,975: INFO: common: created directory at : artifacts/training ]
[2025-01-29 23:11:36,811: WARNING: saving_utils: Compiled the loaded model, but the compiled metrics have yet to be built. `model.compile_metrics` will be empty until you train or evaluate the model.]
[2025-01-29 23:13:08,340: INFO: common: yaml file : config/config.yaml loaded successfully]
[2025-01-29 23:13:08,348: INFO: common: yaml file : params.yaml loaded successfully]
[2025-01-29 23:13:08,350: INFO: common: created directory at : artifacts ]
[2025-01-29 23:13:08,353: INFO: common: created directory at : artifacts/training ]
[2025-01-29 23:13:08,576: WARNING: saving_utils: Compiled the loaded model, but the compiled metrics have yet to be built. `model.compile_metrics` will be empty until you train or evaluate the model.]
[2025-01-29 23:16:57,720: INFO: common: yaml file : config/config.yaml loaded successfully]
[2025-01-29 23:16:57,728: INFO: common: yaml file : params.yaml loaded successfully]
[2025-01-29 23:16:57,731: INFO: common: created directory at : artifacts ]
[2025-01-29 23:16:57,733: INFO: common: created directory at : artifacts/training ]
[2025-01-29 23:16:57,960: WARNING: saving_utils: Compiled the loaded model, but the compiled metrics have yet to be built. `model.compile_metrics` will be empty until you train or evaluate the model.]
[2025-01-29 23:17:54,639: INFO: common: yaml file : config/config.yaml loaded successfully]
[2025-01-29 23:17:54,644: INFO: common: yaml file : params.yaml loaded successfully]
[2025-01-29 23:17:54,647: INFO: common: created directory at : artifacts ]
[2025-01-29 23:17:54,648: INFO: common: created directory at : artifacts/training ]
[2025-01-29 23:17:54,879: WARNING: saving_utils: Compiled the loaded model, but the compiled metrics have yet to be built. `model.compile_metrics` will be empty until you train or evaluate the model.]
[2025-01-29 23:19:34,548: INFO: common: yaml file : config/config.yaml loaded successfully]
[2025-01-29 23:19:34,560: INFO: common: yaml file : params.yaml loaded successfully]
[2025-01-29 23:19:34,561: INFO: common: created directory at : artifacts ]
[2025-01-29 23:19:34,563: INFO: common: created directory at : artifacts/training ]
[2025-01-29 23:19:34,825: WARNING: saving_utils: Compiled the loaded model, but the compiled metrics have yet to be built. `model.compile_metrics` will be empty until you train or evaluate the model.]
[2025-01-29 23:24:58,503: INFO: common: yaml file : config/config.yaml loaded successfully]
[2025-01-29 23:24:58,510: INFO: common: yaml file : params.yaml loaded successfully]
[2025-01-29 23:24:58,513: INFO: common: created directory at : artifacts ]
[2025-01-29 23:24:58,515: INFO: common: created directory at : artifacts/training ]
[2025-01-29 23:24:58,847: WARNING: saving_utils: Compiled the loaded model, but the compiled metrics have yet to be built. `model.compile_metrics` will be empty until you train or evaluate the model.]
[2025-01-29 23:33:46,307: INFO: common: yaml file : config/config.yaml loaded successfully]
[2025-01-29 23:33:46,313: INFO: common: yaml file : params.yaml loaded successfully]
[2025-01-29 23:33:46,315: INFO: common: created directory at : artifacts ]
[2025-01-29 23:33:46,317: INFO: common: created directory at : artifacts/training ]
[2025-01-29 23:36:59,123: INFO: common: yaml file : config/config.yaml loaded successfully]
[2025-01-29 23:36:59,131: INFO: common: yaml file : params.yaml loaded successfully]
[2025-01-29 23:36:59,133: INFO: common: created directory at : artifacts ]
[2025-01-29 23:36:59,136: INFO: common: created directory at : artifacts/training ]
[2025-01-29 23:44:50,360: INFO: common: yaml file : config/config.yaml loaded successfully]
[2025-01-29 23:44:50,369: INFO: common: yaml file : params.yaml loaded successfully]
[2025-01-29 23:44:50,372: INFO: common: created directory at : artifacts ]
[2025-01-29 23:44:50,375: INFO: common: created directory at : artifacts/training ]
[2025-01-29 23:58:21,680: INFO: common: yaml file : config/config.yaml loaded successfully]
[2025-01-29 23:58:21,685: INFO: common: yaml file : params.yaml loaded successfully]
[2025-01-29 23:58:21,686: INFO: common: created directory at : artifacts ]
[2025-01-29 23:58:21,688: INFO: common: created directory at : artifacts/training ]
[2025-01-29 23:58:24,375: WARNING: saving_utils: Compiled the loaded model, but the compiled metrics have yet to be built. `model.compile_metrics` will be empty until you train or evaluate the model.]
[2025-01-30 00:00:31,463: INFO: common: yaml file : config/config.yaml loaded successfully]
[2025-01-30 00:00:31,468: INFO: common: yaml file : params.yaml loaded successfully]
[2025-01-30 00:00:31,470: INFO: common: created directory at : artifacts ]
[2025-01-30 00:00:31,472: INFO: common: created directory at : artifacts/prepare_base_model ]
[2025-01-30 00:00:37,511: WARNING: saving_api: You are saving your model as an HDF5 file via `model.save()` or `keras.saving.save_model(model)`. This file format is considered legacy. We recommend using instead the native Keras format, e.g. `model.save('my_model.keras')` or `keras.saving.save_model(model, 'my_model.keras')`. ]
[2025-01-30 00:02:37,170: INFO: common: yaml file : config/config.yaml loaded successfully]
[2025-01-30 00:02:37,177: INFO: common: yaml file : params.yaml loaded successfully]
[2025-01-30 00:02:37,178: INFO: common: created directory at : artifacts ]
[2025-01-30 00:02:37,181: INFO: common: created directory at : artifacts/prepare_base_model ]
[2025-01-30 00:02:37,529: WARNING: saving_api: You are saving your model as an HDF5 file via `model.save()` or `keras.saving.save_model(model)`. This file format is considered legacy. We recommend using instead the native Keras format, e.g. `model.save('my_model.keras')` or `keras.saving.save_model(model, 'my_model.keras')`. ]
[2025-01-30 00:02:37,717: WARNING: saving_api: You are saving your model as an HDF5 file via `model.save()` or `keras.saving.save_model(model)`. This file format is considered legacy. We recommend using instead the native Keras format, e.g. `model.save('my_model.keras')` or `keras.saving.save_model(model, 'my_model.keras')`. ]
[2025-01-30 09:34:06,721: INFO: common: yaml file : config/config.yaml loaded successfully]
[2025-01-30 09:34:06,728: INFO: common: yaml file : params.yaml loaded successfully]
[2025-01-30 09:34:06,731: INFO: common: created directory at : artifacts ]
[2025-01-30 09:34:06,734: INFO: common: created directory at : artifacts/prepare_base_model ]
[2025-01-30 09:34:10,316: WARNING: saving_api: You are saving your model as an HDF5 file via `model.save()` or `keras.saving.save_model(model)`. This file format is considered legacy. We recommend using instead the native Keras format, e.g. `model.save('my_model.keras')` or `keras.saving.save_model(model, 'my_model.keras')`. ]
[2025-01-30 09:34:10,554: WARNING: saving_api: You are saving your model as an HDF5 file via `model.save()` or `keras.saving.save_model(model)`. This file format is considered legacy. We recommend using instead the native Keras format, e.g. `model.save('my_model.keras')` or `keras.saving.save_model(model, 'my_model.keras')`. ]
[2025-01-30 09:34:34,254: INFO: common: yaml file : config/config.yaml loaded successfully]
[2025-01-30 09:34:34,258: INFO: common: yaml file : params.yaml loaded successfully]
[2025-01-30 09:34:34,260: INFO: common: created directory at : artifacts ]
[2025-01-30 09:34:34,262: INFO: common: created directory at : artifacts/training ]
[2025-01-30 09:34:36,290: WARNING: saving_utils: Compiled the loaded model, but the compiled metrics have yet to be built. `model.compile_metrics` will be empty until you train or evaluate the model.]
[2025-01-30 09:37:03,706: INFO: common: yaml file : config/config.yaml loaded successfully]
[2025-01-30 09:37:03,713: INFO: common: yaml file : params.yaml loaded successfully]
[2025-01-30 09:37:03,716: INFO: common: created directory at : artifacts ]
[2025-01-30 09:37:03,719: INFO: common: created directory at : artifacts/prepare_base_model ]
[2025-01-30 09:37:04,083: WARNING: saving_api: You are saving your model as an HDF5 file via `model.save()` or `keras.saving.save_model(model)`. This file format is considered legacy. We recommend using instead the native Keras format, e.g. `model.save('my_model.keras')` or `keras.saving.save_model(model, 'my_model.keras')`. ]
[2025-01-30 09:37:04,291: WARNING: saving_api: You are saving your model as an HDF5 file via `model.save()` or `keras.saving.save_model(model)`. This file format is considered legacy. We recommend using instead the native Keras format, e.g. `model.save('my_model.keras')` or `keras.saving.save_model(model, 'my_model.keras')`. ]
[2025-01-30 09:37:12,723: INFO: common: yaml file : config/config.yaml loaded successfully]
[2025-01-30 09:37:12,734: INFO: common: yaml file : params.yaml loaded successfully]
[2025-01-30 09:37:12,738: INFO: common: created directory at : artifacts ]
[2025-01-30 09:37:12,741: INFO: common: created directory at : artifacts/training ]
[2025-01-30 09:37:12,956: WARNING: saving_utils: Compiled the loaded model, but the compiled metrics have yet to be built. `model.compile_metrics` will be empty until you train or evaluate the model.]
[2025-01-30 09:42:50,161: INFO: common: yaml file : config/config.yaml loaded successfully]
[2025-01-30 09:42:50,168: INFO: common: yaml file : params.yaml loaded successfully]
[2025-01-30 09:42:50,169: INFO: common: created directory at : artifacts ]
[2025-01-30 09:42:50,172: INFO: common: created directory at : artifacts/prepare_base_model ]
[2025-01-30 09:42:50,530: WARNING: saving_api: You are saving your model as an HDF5 file via `model.save()` or `keras.saving.save_model(model)`. This file format is considered legacy. We recommend using instead the native Keras format, e.g. `model.save('my_model.keras')` or `keras.saving.save_model(model, 'my_model.keras')`. ]
[2025-01-30 09:42:50,747: WARNING: saving_api: You are saving your model as an HDF5 file via `model.save()` or `keras.saving.save_model(model)`. This file format is considered legacy. We recommend using instead the native Keras format, e.g. `model.save('my_model.keras')` or `keras.saving.save_model(model, 'my_model.keras')`. ]
[2025-01-30 09:43:37,649: INFO: common: yaml file : config/config.yaml loaded successfully]
[2025-01-30 09:43:37,655: INFO: common: yaml file : params.yaml loaded successfully]
[2025-01-30 09:43:37,658: INFO: common: created directory at : artifacts ]
[2025-01-30 09:43:37,660: INFO: common: created directory at : artifacts/training ]
[2025-01-30 09:43:37,931: WARNING: saving_utils: Compiled the loaded model, but the compiled metrics have yet to be built. `model.compile_metrics` will be empty until you train or evaluate the model.]
[2025-01-30 09:49:27,254: INFO: common: yaml file : config/config.yaml loaded successfully]
[2025-01-30 09:49:27,258: INFO: common: yaml file : params.yaml loaded successfully]
[2025-01-30 09:49:27,260: INFO: common: created directory at : artifacts ]
[2025-01-30 09:49:27,262: INFO: common: created directory at : artifacts/training ]
[2025-01-30 09:49:27,508: WARNING: saving_utils: Compiled the loaded model, but the compiled metrics have yet to be built. `model.compile_metrics` will be empty until you train or evaluate the model.]
[2025-01-30 09:55:34,086: INFO: common: yaml file : config/config.yaml loaded successfully]
[2025-01-30 09:55:34,090: INFO: common: yaml file : params.yaml loaded successfully]
[2025-01-30 09:55:34,091: INFO: common: created directory at : artifacts ]
[2025-01-30 09:55:34,093: INFO: common: created directory at : artifacts/training ]
[2025-01-30 09:55:50,142: INFO: common: yaml file : config/config.yaml loaded successfully]
[2025-01-30 09:55:50,150: INFO: common: yaml file : params.yaml loaded successfully]
[2025-01-30 09:55:50,152: INFO: common: created directory at : artifacts ]
[2025-01-30 09:55:50,154: INFO: common: created directory at : artifacts/prepare_base_model ]
[2025-01-30 09:55:53,471: WARNING: saving_utils: Compiled the loaded model, but the compiled metrics have yet to be built. `model.compile_metrics` will be empty until you train or evaluate the model.]
[2025-01-30 09:56:15,760: INFO: common: yaml file : config/config.yaml loaded successfully]
[2025-01-30 09:56:15,764: INFO: common: yaml file : params.yaml loaded successfully]
[2025-01-30 09:56:15,766: INFO: common: created directory at : artifacts ]
[2025-01-30 09:56:15,767: INFO: common: created directory at : artifacts/training ]
[2025-01-30 11:35:39,935: INFO: main: >>>> stage Data Ingestion Stage started <<<<<

x=======x]
[2025-01-30 11:35:39,937: INFO: common: yaml file : config/config.yaml loaded successfully]
[2025-01-30 11:35:39,939: INFO: common: yaml file : params.yaml loaded successfully]
[2025-01-30 11:35:39,941: INFO: common: created directory at : artifacts ]
[2025-01-30 11:35:39,942: INFO: common: created directory at : artifacts/data_ingestion ]
[2025-01-30 11:35:39,943: INFO: data_ingestion: Downloading data from https://drive.google.com/file/d/1dWCgBxAARec_MF61SrFlIa2BjwENO3gN/view?usp=sharing into file artifacts/data_ingestion/data.zip]
[2025-01-30 11:36:09,413: INFO: main: >>>> stage Data Ingestion Stage started <<<<<

x=======x]
[2025-01-30 11:36:09,414: INFO: common: yaml file : config/config.yaml loaded successfully]
[2025-01-30 11:36:09,416: INFO: common: yaml file : params.yaml loaded successfully]
[2025-01-30 11:36:09,416: INFO: common: created directory at : artifacts ]
[2025-01-30 11:36:09,417: INFO: common: created directory at : artifacts/data_ingestion ]
[2025-01-30 11:36:09,417: INFO: data_ingestion: Downloading data from https://drive.google.com/file/d/1dWCgBxAARec_MF61SrFlIa2BjwENO3gN/view?usp=sharing into file artifacts/data_ingestion/data.zip]
[2025-01-30 11:37:38,045: INFO: data_ingestion: Downloaded data from https://drive.google.com/file/d/1dWCgBxAARec_MF61SrFlIa2BjwENO3gN/view?usp=sharing into file artifacts/data_ingestion/data.zip]
[2025-01-30 11:37:46,782: INFO: main: >>>> stage Data Ingestion Stage completed <<<<<

x=======x]
[2025-01-30 11:37:46,782: INFO: main: *********************************]
[2025-01-30 11:37:46,783: INFO: main: >>>>>>> stage Prepare base model started <<<<<<<<]
[2025-01-30 11:37:46,784: INFO: common: yaml file : config/config.yaml loaded successfully]
[2025-01-30 11:37:46,785: INFO: common: yaml file : params.yaml loaded successfully]
[2025-01-30 11:37:46,786: INFO: common: created directory at : artifacts ]
[2025-01-30 11:37:46,786: INFO: common: created directory at : artifacts/prepare_base_model ]
[2025-01-30 11:37:48,681: WARNING: saving_utils: Compiled the loaded model, but the compiled metrics have yet to be built. `model.compile_metrics` will be empty until you train or evaluate the model.]
[2025-01-30 11:37:48,978: INFO: main: >>>>>>> stage Prepare base model completed <<<<<<<< ]
[2025-01-30 11:37:48,978: INFO: main: *********************************]
[2025-01-30 11:37:48,979: INFO: main: >>>>>>> stage Training started <<<<<<<<]
[2025-01-30 11:37:48,980: INFO: common: yaml file : config/config.yaml loaded successfully]
[2025-01-30 11:37:48,981: INFO: common: yaml file : params.yaml loaded successfully]
[2025-01-30 11:37:48,981: INFO: common: created directory at : artifacts ]
[2025-01-30 11:37:48,981: ERROR: main: 'ConfigurationManager' object has no attribute 'get_training_config']
Traceback (most recent call last):
  File "/home/kulnipun/end_2_end_proj/kidney_disease_classification/main.py", line 38, in <module>
    model_trainer.main()
  File "/home/kulnipun/end_2_end_proj/kidney_disease_classification/src/cnnClassifier/pipeline/stage_03_model_training.py", line 14, in main
    training_config = config.get_training_config()
AttributeError: 'ConfigurationManager' object has no attribute 'get_training_config'
[2025-01-30 11:42:33,638: INFO: main: >>>> stage Data Ingestion Stage started <<<<<

x=======x]
[2025-01-30 11:42:33,639: INFO: common: yaml file : config/config.yaml loaded successfully]
[2025-01-30 11:42:33,641: INFO: common: yaml file : params.yaml loaded successfully]
[2025-01-30 11:42:33,641: INFO: common: created directory at : artifacts ]
[2025-01-30 11:42:33,641: INFO: common: created directory at : artifacts/data_ingestion ]
[2025-01-30 11:42:33,641: INFO: data_ingestion: Downloading data from https://drive.google.com/file/d/1dWCgBxAARec_MF61SrFlIa2BjwENO3gN/view?usp=sharing into file artifacts/data_ingestion/data.zip]
[2025-01-30 11:43:57,161: INFO: data_ingestion: Downloaded data from https://drive.google.com/file/d/1dWCgBxAARec_MF61SrFlIa2BjwENO3gN/view?usp=sharing into file artifacts/data_ingestion/data.zip]
[2025-01-30 11:44:08,829: INFO: main: >>>> stage Data Ingestion Stage completed <<<<<

x=======x]
[2025-01-30 11:44:08,830: INFO: main: *********************************]
[2025-01-30 11:44:08,830: INFO: main: >>>>>>> stage Prepare base model started <<<<<<<<]
[2025-01-30 11:44:08,831: INFO: common: yaml file : config/config.yaml loaded successfully]
[2025-01-30 11:44:08,833: INFO: common: yaml file : params.yaml loaded successfully]
[2025-01-30 11:44:08,833: INFO: common: created directory at : artifacts ]
[2025-01-30 11:44:08,834: INFO: common: created directory at : artifacts/prepare_base_model ]
[2025-01-30 11:44:09,486: WARNING: saving_utils: Compiled the loaded model, but the compiled metrics have yet to be built. `model.compile_metrics` will be empty until you train or evaluate the model.]
[2025-01-30 11:44:09,856: INFO: main: >>>>>>> stage Prepare base model completed <<<<<<<< ]
[2025-01-30 11:44:09,856: INFO: main: *********************************]
[2025-01-30 11:44:09,857: INFO: main: >>>>>>> stage Training started <<<<<<<<]
[2025-01-30 11:44:09,858: INFO: common: yaml file : config/config.yaml loaded successfully]
[2025-01-30 11:44:09,859: INFO: common: yaml file : params.yaml loaded successfully]
[2025-01-30 11:44:09,859: INFO: common: created directory at : artifacts ]
[2025-01-30 11:44:09,859: ERROR: main: name 'os' is not defined]
Traceback (most recent call last):
  File "/home/kulnipun/end_2_end_proj/kidney_disease_classification/main.py", line 38, in <module>
    model_trainer.main()
  File "/home/kulnipun/end_2_end_proj/kidney_disease_classification/src/cnnClassifier/pipeline/stage_03_model_training.py", line 14, in main
    training_config = config.get_training_config()
  File "/home/kulnipun/end_2_end_proj/kidney_disease_classification/src/cnnClassifier/config/configuration.py", line 58, in get_training_config
    training_data = os.path.join(self.config.data_ingestion.unzip_dir, "kidney-ct-scan-image")
NameError: name 'os' is not defined
[2025-01-30 11:45:24,759: INFO: main: >>>> stage Data Ingestion Stage started <<<<<

x=======x]
[2025-01-30 11:45:24,761: INFO: common: yaml file : config/config.yaml loaded successfully]
[2025-01-30 11:45:24,762: INFO: common: yaml file : params.yaml loaded successfully]
[2025-01-30 11:45:24,762: INFO: common: created directory at : artifacts ]
[2025-01-30 11:45:24,763: INFO: common: created directory at : artifacts/data_ingestion ]
[2025-01-30 11:45:24,763: INFO: data_ingestion: Downloading data from https://drive.google.com/file/d/1dWCgBxAARec_MF61SrFlIa2BjwENO3gN/view?usp=sharing into file artifacts/data_ingestion/data.zip]
[2025-01-30 11:46:47,756: INFO: data_ingestion: Downloaded data from https://drive.google.com/file/d/1dWCgBxAARec_MF61SrFlIa2BjwENO3gN/view?usp=sharing into file artifacts/data_ingestion/data.zip]
[2025-01-30 11:46:55,720: INFO: main: >>>> stage Data Ingestion Stage completed <<<<<

x=======x]
[2025-01-30 11:46:55,720: INFO: main: *********************************]
[2025-01-30 11:46:55,721: INFO: main: >>>>>>> stage Prepare base model started <<<<<<<<]
[2025-01-30 11:46:55,722: INFO: common: yaml file : config/config.yaml loaded successfully]
[2025-01-30 11:46:55,723: INFO: common: yaml file : params.yaml loaded successfully]
[2025-01-30 11:46:55,724: INFO: common: created directory at : artifacts ]
[2025-01-30 11:46:55,724: INFO: common: created directory at : artifacts/prepare_base_model ]
[2025-01-30 11:46:56,270: WARNING: saving_utils: Compiled the loaded model, but the compiled metrics have yet to be built. `model.compile_metrics` will be empty until you train or evaluate the model.]
[2025-01-30 11:46:56,494: INFO: main: >>>>>>> stage Prepare base model completed <<<<<<<< ]
[2025-01-30 11:46:56,495: INFO: main: *********************************]
[2025-01-30 11:46:56,495: INFO: main: >>>>>>> stage Training started <<<<<<<<]
[2025-01-30 11:46:56,497: INFO: common: yaml file : config/config.yaml loaded successfully]
[2025-01-30 11:46:56,498: INFO: common: yaml file : params.yaml loaded successfully]
[2025-01-30 11:46:56,499: INFO: common: created directory at : artifacts ]
[2025-01-30 11:46:56,499: INFO: common: created directory at : artifacts/training ]
[2025-01-30 11:46:56,869: ERROR: main: [Errno 2] No such file or directory: 'artifacts/data_ingestion/kidney-ct-scan-image']
Traceback (most recent call last):
  File "/home/kulnipun/end_2_end_proj/kidney_disease_classification/main.py", line 38, in <module>
    model_trainer.main()
  File "/home/kulnipun/end_2_end_proj/kidney_disease_classification/src/cnnClassifier/pipeline/stage_03_model_training.py", line 17, in main
    training.train_valid_generator()
  File "/home/kulnipun/end_2_end_proj/kidney_disease_classification/src/cnnClassifier/components/model_training.py", line 37, in train_valid_generator
    self.valid_generator = valid_datagenerator.flow_from_directory(
  File "/home/kulnipun/end_2_end_proj/kidney_disease_classification/.venv/lib/python3.10/site-packages/keras/preprocessing/image.py", line 1648, in flow_from_directory
    return DirectoryIterator(
  File "/home/kulnipun/end_2_end_proj/kidney_disease_classification/.venv/lib/python3.10/site-packages/keras/preprocessing/image.py", line 563, in __init__
    for subdir in sorted(os.listdir(directory)):
FileNotFoundError: [Errno 2] No such file or directory: 'artifacts/data_ingestion/kidney-ct-scan-image'
[2025-01-30 11:48:06,723: INFO: main: >>>> stage Data Ingestion Stage started <<<<<

x=======x]
[2025-01-30 11:48:06,724: INFO: common: yaml file : config/config.yaml loaded successfully]
[2025-01-30 11:48:06,725: INFO: common: yaml file : params.yaml loaded successfully]
[2025-01-30 11:48:06,726: INFO: common: created directory at : artifacts ]
[2025-01-30 11:48:06,726: INFO: common: created directory at : artifacts/data_ingestion ]
[2025-01-30 11:48:06,726: INFO: data_ingestion: Downloading data from https://drive.google.com/file/d/1dWCgBxAARec_MF61SrFlIa2BjwENO3gN/view?usp=sharing into file artifacts/data_ingestion/data.zip]
[2025-01-30 11:49:33,668: INFO: data_ingestion: Downloaded data from https://drive.google.com/file/d/1dWCgBxAARec_MF61SrFlIa2BjwENO3gN/view?usp=sharing into file artifacts/data_ingestion/data.zip]
[2025-01-30 11:49:41,546: INFO: main: >>>> stage Data Ingestion Stage completed <<<<<

x=======x]
[2025-01-30 11:49:41,547: INFO: main: *********************************]
[2025-01-30 11:49:41,547: INFO: main: >>>>>>> stage Prepare base model started <<<<<<<<]
[2025-01-30 11:49:41,549: INFO: common: yaml file : config/config.yaml loaded successfully]
[2025-01-30 11:49:41,550: INFO: common: yaml file : params.yaml loaded successfully]
[2025-01-30 11:49:41,551: INFO: common: created directory at : artifacts ]
[2025-01-30 11:49:41,551: INFO: common: created directory at : artifacts/prepare_base_model ]
[2025-01-30 11:49:42,145: WARNING: saving_utils: Compiled the loaded model, but the compiled metrics have yet to be built. `model.compile_metrics` will be empty until you train or evaluate the model.]
[2025-01-30 11:49:42,393: INFO: main: >>>>>>> stage Prepare base model completed <<<<<<<< ]
[2025-01-30 11:49:42,393: INFO: main: *********************************]
[2025-01-30 11:49:42,393: INFO: main: >>>>>>> stage Training started <<<<<<<<]
[2025-01-30 11:49:42,395: INFO: common: yaml file : config/config.yaml loaded successfully]
[2025-01-30 11:49:42,396: INFO: common: yaml file : params.yaml loaded successfully]
[2025-01-30 11:49:42,396: INFO: common: created directory at : artifacts ]
[2025-01-30 11:49:42,397: INFO: common: created directory at : artifacts/training ]
[2025-01-30 14:48:14,483: INFO: main: >>>> stage Data Ingestion Stage started <<<<<

x=======x]
[2025-01-30 14:48:14,488: INFO: common: yaml file : config/config.yaml loaded successfully]
[2025-01-30 14:48:14,493: INFO: common: yaml file : params.yaml loaded successfully]
[2025-01-30 14:48:14,494: INFO: common: created directory at : artifacts ]
[2025-01-30 14:48:14,494: INFO: common: created directory at : artifacts/data_ingestion ]
[2025-01-30 14:48:14,494: INFO: data_ingestion: Downloading data from https://drive.google.com/file/d/1dWCgBxAARec_MF61SrFlIa2BjwENO3gN/view?usp=sharing into file artifacts/data_ingestion/data.zip]
[2025-01-30 14:48:42,293: INFO: main: >>>> stage Data Ingestion Stage started <<<<<

x=======x]
[2025-01-30 14:48:42,294: INFO: common: yaml file : config/config.yaml loaded successfully]
[2025-01-30 14:48:42,295: INFO: common: yaml file : params.yaml loaded successfully]
[2025-01-30 14:48:42,296: INFO: common: created directory at : artifacts ]
[2025-01-30 14:48:42,296: INFO: common: created directory at : artifacts/data_ingestion ]
[2025-01-30 14:48:42,296: INFO: data_ingestion: Downloading data from https://drive.google.com/file/d/1dWCgBxAARec_MF61SrFlIa2BjwENO3gN/view?usp=sharing into file artifacts/data_ingestion/data.zip]
[2025-01-30 14:50:05,128: INFO: data_ingestion: Downloaded data from https://drive.google.com/file/d/1dWCgBxAARec_MF61SrFlIa2BjwENO3gN/view?usp=sharing into file artifacts/data_ingestion/data.zip]
[2025-01-30 14:50:13,302: INFO: main: >>>> stage Data Ingestion Stage completed <<<<<

x=======x]
[2025-01-30 14:50:13,302: INFO: main: *********************************]
[2025-01-30 14:50:13,302: INFO: main: >>>>>>> stage Prepare base model started <<<<<<<<]
[2025-01-30 14:50:13,303: INFO: common: yaml file : config/config.yaml loaded successfully]
[2025-01-30 14:50:13,305: INFO: common: yaml file : params.yaml loaded successfully]
[2025-01-30 14:50:13,305: INFO: common: created directory at : artifacts ]
[2025-01-30 14:50:13,305: INFO: common: created directory at : artifacts/prepare_base_model ]
[2025-01-30 14:50:14,699: WARNING: saving_utils: Compiled the loaded model, but the compiled metrics have yet to be built. `model.compile_metrics` will be empty until you train or evaluate the model.]
[2025-01-30 14:50:14,976: INFO: main: >>>>>>> stage Prepare base model completed <<<<<<<< ]
[2025-01-30 14:50:14,977: INFO: main: *********************************]
[2025-01-30 14:50:14,977: INFO: main: >>>>>>> stage Training started <<<<<<<<]
[2025-01-30 14:50:14,978: INFO: common: yaml file : config/config.yaml loaded successfully]
[2025-01-30 14:50:14,979: INFO: common: yaml file : params.yaml loaded successfully]
[2025-01-30 14:50:14,979: INFO: common: created directory at : artifacts ]
[2025-01-30 14:50:14,980: INFO: common: created directory at : artifacts/training ]
[2025-01-30 18:54:50,700: INFO: main: >>>> stage Data Ingestion Stage started <<<<<

x=======x]
[2025-01-30 18:54:50,701: INFO: common: yaml file : config/config.yaml loaded successfully]
[2025-01-30 18:54:50,703: INFO: common: yaml file : params.yaml loaded successfully]
[2025-01-30 18:54:50,704: INFO: common: created directory at : artifacts ]
[2025-01-30 18:54:50,704: INFO: common: created directory at : artifacts/data_ingestion ]
[2025-01-30 18:54:50,704: INFO: data_ingestion: Downloading data from https://drive.google.com/file/d/1dWCgBxAARec_MF61SrFlIa2BjwENO3gN/view?usp=sharing into file artifacts/data_ingestion/data.zip]
[2025-01-30 18:56:15,174: INFO: data_ingestion: Downloaded data from https://drive.google.com/file/d/1dWCgBxAARec_MF61SrFlIa2BjwENO3gN/view?usp=sharing into file artifacts/data_ingestion/data.zip]
[2025-01-30 18:56:27,023: INFO: main: >>>> stage Data Ingestion Stage completed <<<<<

x=======x]
[2025-01-30 18:56:27,024: INFO: main: *********************************]
[2025-01-30 18:56:27,024: INFO: main: >>>>>>> stage Prepare base model started <<<<<<<<]
[2025-01-30 18:56:27,025: INFO: common: yaml file : config/config.yaml loaded successfully]
[2025-01-30 18:56:27,026: INFO: common: yaml file : params.yaml loaded successfully]
[2025-01-30 18:56:27,027: INFO: common: created directory at : artifacts ]
[2025-01-30 18:56:27,027: INFO: common: created directory at : artifacts/prepare_base_model ]
[2025-01-30 18:56:28,669: WARNING: saving_utils: Compiled the loaded model, but the compiled metrics have yet to be built. `model.compile_metrics` will be empty until you train or evaluate the model.]
[2025-01-30 18:56:28,888: INFO: main: >>>>>>> stage Prepare base model completed <<<<<<<< ]
[2025-01-30 18:56:28,888: INFO: main: *********************************]
[2025-01-30 18:56:28,888: INFO: main: >>>>>>> stage Training started <<<<<<<<]
[2025-01-30 18:56:28,889: INFO: common: yaml file : config/config.yaml loaded successfully]
[2025-01-30 18:56:28,890: INFO: common: yaml file : params.yaml loaded successfully]
[2025-01-30 18:56:28,891: INFO: common: created directory at : artifacts ]
[2025-01-30 18:56:28,891: INFO: common: created directory at : artifacts/training ]
[2025-01-30 19:07:44,210: INFO: main: >>>>>>> stage Training completed <<<<<<<< ]
[2025-01-30 19:53:59,463: INFO: _client: HTTP Request: POST https://dagshub.com/login/oauth/middleman "HTTP/1.1 200 OK"]
[2025-01-30 19:53:59,958: INFO: _client: HTTP Request: POST https://dagshub.com/login/oauth/access_token "HTTP/1.1 200 OK"]
[2025-01-30 19:54:00,442: INFO: _client: HTTP Request: GET https://dagshub.com/api/v1/user "HTTP/1.1 200 OK"]
[2025-01-30 19:54:00,449: INFO: helpers: Accessing as nipun9759744800]
[2025-01-30 19:54:01,003: INFO: _client: HTTP Request: GET https://dagshub.com/api/v1/repos/nipun9759744800/kidney_disease_classification "HTTP/1.1 200 OK"]
[2025-01-30 19:54:01,443: INFO: _client: HTTP Request: GET https://dagshub.com/api/v1/user "HTTP/1.1 200 OK"]
[2025-01-30 19:54:01,453: INFO: helpers: Initialized MLflow to track repo "nipun9759744800/kidney_disease_classification"]
[2025-01-30 19:54:01,458: INFO: helpers: Repository nipun9759744800/kidney_disease_classification initialized!]
[2025-01-30 19:55:13,967: INFO: common: yaml file : config/config.yaml loaded successfully]
[2025-01-30 19:55:13,979: INFO: common: yaml file : params.yaml loaded successfully]
[2025-01-30 19:55:13,983: INFO: common: created directory at : artifacts ]
[2025-01-30 19:56:09,501: INFO: common: yaml file : config/config.yaml loaded successfully]
[2025-01-30 19:56:09,506: INFO: common: yaml file : params.yaml loaded successfully]
[2025-01-30 19:56:09,508: INFO: common: created directory at : artifacts ]
[2025-01-30 20:00:22,741: INFO: common: yaml file : config/config.yaml loaded successfully]
[2025-01-30 20:00:22,747: INFO: common: yaml file : params.yaml loaded successfully]
[2025-01-30 20:00:22,752: INFO: common: created directory at : artifacts ]
[2025-01-30 20:00:40,802: INFO: common: yaml file : config/config.yaml loaded successfully]
[2025-01-30 20:00:40,808: INFO: common: yaml file : params.yaml loaded successfully]
[2025-01-30 20:00:40,812: INFO: common: created directory at : artifacts ]
[2025-01-30 20:03:53,163: INFO: common: json file saved at: scores.json]
[2025-01-30 20:03:55,235: WARNING: save: Found untraced functions such as _jit_compiled_convolution_op, _jit_compiled_convolution_op, _jit_compiled_convolution_op, _jit_compiled_convolution_op, _jit_compiled_convolution_op while saving (showing 5 of 14). These functions will not be directly callable after loading.]
[2025-01-30 20:03:55,774: INFO: builder_impl: Assets written to: /tmp/tmpnoj0mkl2/model/data/model/assets]
[2025-01-30 21:23:24,226: INFO: main: *********************************]
[2025-01-30 21:23:24,226: INFO: main: >>>>>>> stage Prepare base model started <<<<<<<<]
[2025-01-30 21:23:24,229: INFO: common: yaml file : config/config.yaml loaded successfully]
[2025-01-30 21:23:24,231: INFO: common: yaml file : params.yaml loaded successfully]
[2025-01-30 21:23:24,232: INFO: common: created directory at : artifacts ]
[2025-01-30 21:23:24,233: INFO: common: created directory at : artifacts/prepare_base_model ]
[2025-01-30 21:23:24,840: WARNING: saving_utils: Compiled the loaded model, but the compiled metrics have yet to be built. `model.compile_metrics` will be empty until you train or evaluate the model.]
[2025-01-30 21:23:25,179: INFO: main: >>>>>>> stage Prepare base model completed <<<<<<<< ]
[2025-01-30 21:23:25,180: INFO: main: *********************************]
[2025-01-30 21:23:25,180: INFO: main: >>>>>>> stage Training started <<<<<<<<]
[2025-01-30 21:23:25,182: INFO: common: yaml file : config/config.yaml loaded successfully]
[2025-01-30 21:23:25,183: INFO: common: yaml file : params.yaml loaded successfully]
[2025-01-30 21:23:25,183: INFO: common: created directory at : artifacts ]
[2025-01-30 21:23:25,183: INFO: common: created directory at : artifacts/training ]
[2025-01-30 21:23:53,117: INFO: common: yaml file : config/config.yaml loaded successfully]
[2025-01-30 21:23:53,123: INFO: common: yaml file : params.yaml loaded successfully]
[2025-01-30 21:23:53,125: INFO: common: created directory at : artifacts ]
[2025-01-30 21:27:20,348: INFO: common: json file saved at: scores.json]
[2025-01-30 21:29:36,513: WARNING: connectionpool: Retrying (Retry(total=6, connect=7, read=6, redirect=7, status=7)) after connection broken by 'ReadTimeoutError("HTTPSConnectionPool(host='dagshub.com', port=443): Read timed out. (read timeout=120)")': /nipun9759744800/kidney_disease_classification.mlflow/api/2.0/mlflow/runs/create]
[2025-01-30 21:29:38,735: WARNING: save: Found untraced functions such as _jit_compiled_convolution_op, _jit_compiled_convolution_op, _jit_compiled_convolution_op, _jit_compiled_convolution_op, _jit_compiled_convolution_op while saving (showing 5 of 14). These functions will not be directly callable after loading.]
[2025-01-30 21:29:39,191: INFO: builder_impl: Assets written to: /tmp/tmpi7l1puu7/model/data/model/assets]
[2025-01-30 21:33:16,265: INFO: common: yaml file : config/config.yaml loaded successfully]
[2025-01-30 21:33:16,273: INFO: common: yaml file : params.yaml loaded successfully]
[2025-01-30 21:33:16,276: INFO: common: created directory at : artifacts ]
[2025-01-30 21:36:32,055: INFO: common: json file saved at: scores.json]
[2025-01-30 21:36:34,099: WARNING: save: Found untraced functions such as _jit_compiled_convolution_op, _jit_compiled_convolution_op, _jit_compiled_convolution_op, _jit_compiled_convolution_op, _jit_compiled_convolution_op while saving (showing 5 of 14). These functions will not be directly callable after loading.]
[2025-01-30 21:36:34,482: INFO: builder_impl: Assets written to: /tmp/tmpte625el0/model/data/model/assets]
[2025-01-30 22:00:45,552: INFO: main: >>>> stage Data Ingestion Stage started <<<<<

x=======x]
[2025-01-30 22:00:45,554: INFO: common: yaml file : config/config.yaml loaded successfully]
[2025-01-30 22:00:45,556: INFO: common: yaml file : params.yaml loaded successfully]
[2025-01-30 22:00:45,557: INFO: common: created directory at : artifacts ]
[2025-01-30 22:00:45,557: INFO: common: created directory at : artifacts/data_ingestion ]
[2025-01-30 22:00:45,558: INFO: data_ingestion: Downloading data from https://drive.google.com/file/d/1dWCgBxAARec_MF61SrFlIa2BjwENO3gN/view?usp=sharing into file artifacts/data_ingestion/data.zip]
[2025-01-30 22:02:15,232: INFO: data_ingestion: Downloaded data from https://drive.google.com/file/d/1dWCgBxAARec_MF61SrFlIa2BjwENO3gN/view?usp=sharing into file artifacts/data_ingestion/data.zip]
[2025-01-30 22:02:27,657: INFO: main: >>>> stage Data Ingestion Stage completed <<<<<

x=======x]
[2025-01-30 22:02:27,657: INFO: main: *********************************]
[2025-01-30 22:02:27,657: INFO: main: >>>>>>> stage Prepare base model started <<<<<<<<]
[2025-01-30 22:02:27,659: INFO: common: yaml file : config/config.yaml loaded successfully]
[2025-01-30 22:02:27,661: INFO: common: yaml file : params.yaml loaded successfully]
[2025-01-30 22:02:27,661: INFO: common: created directory at : artifacts ]
[2025-01-30 22:02:27,661: INFO: common: created directory at : artifacts/prepare_base_model ]
[2025-01-30 22:02:28,572: WARNING: saving_utils: Compiled the loaded model, but the compiled metrics have yet to be built. `model.compile_metrics` will be empty until you train or evaluate the model.]
[2025-01-30 22:02:28,891: INFO: main: >>>>>>> stage Prepare base model completed <<<<<<<< ]
[2025-01-30 22:02:28,892: INFO: main: *********************************]
[2025-01-30 22:02:28,892: INFO: main: >>>>>>> stage Training started <<<<<<<<]
[2025-01-30 22:02:28,894: INFO: common: yaml file : config/config.yaml loaded successfully]
[2025-01-30 22:02:28,895: INFO: common: yaml file : params.yaml loaded successfully]
[2025-01-30 22:02:28,895: INFO: common: created directory at : artifacts ]
[2025-01-30 22:02:28,897: INFO: common: created directory at : artifacts/training ]
[2025-01-30 22:13:44,655: INFO: main: >>>>>>> stage Training completed <<<<<<<< ]
[2025-01-30 22:13:44,656: INFO: main: *********************************]
[2025-01-30 22:13:44,656: INFO: main: >>>>>>> stage Evaluation stage started <<<<<<<<]
[2025-01-30 22:13:44,659: INFO: common: yaml file : config/config.yaml loaded successfully]
[2025-01-30 22:13:44,662: INFO: common: yaml file : params.yaml loaded successfully]
[2025-01-30 22:13:44,663: INFO: common: created directory at : artifacts ]
[2025-01-30 22:17:14,418: INFO: common: json file saved at: scores.json]
[2025-01-30 22:17:14,419: INFO: common: json file saved at: scores.json]
[2025-01-30 22:17:16,751: WARNING: save: Found untraced functions such as _jit_compiled_convolution_op, _jit_compiled_convolution_op, _jit_compiled_convolution_op, _jit_compiled_convolution_op, _jit_compiled_convolution_op while saving (showing 5 of 14). These functions will not be directly callable after loading.]
[2025-01-30 22:17:17,285: INFO: builder_impl: Assets written to: /tmp/tmptndmg6ls/model/data/model/assets]
[2025-01-30 22:17:29,495: INFO: main: >>>>>>> stage Evaluation stage completed <<<<<<<< ]
[2025-01-31 14:48:16,892: INFO: main: >>>> stage Data Ingestion Stage started <<<<<

x=======x]
[2025-01-31 14:48:16,896: INFO: common: yaml file : config/config.yaml loaded successfully]
[2025-01-31 14:48:16,898: INFO: common: yaml file : params.yaml loaded successfully]
[2025-01-31 14:48:16,899: INFO: common: created directory at : artifacts ]
[2025-01-31 14:48:16,899: INFO: common: created directory at : artifacts/data_ingestion ]
[2025-01-31 14:48:16,900: INFO: data_ingestion: Downloading data from https://drive.google.com/file/d/1dWCgBxAARec_MF61SrFlIa2BjwENO3gN/view?usp=sharing into file artifacts/data_ingestion/data.zip]
[2025-01-31 14:50:07,596: INFO: data_ingestion: Downloaded data from https://drive.google.com/file/d/1dWCgBxAARec_MF61SrFlIa2BjwENO3gN/view?usp=sharing into file artifacts/data_ingestion/data.zip]
[2025-01-31 14:50:15,605: INFO: main: >>>> stage Data Ingestion Stage completed <<<<<

x=======x]
[2025-01-31 14:50:15,605: INFO: main: *********************************]
[2025-01-31 14:50:15,605: INFO: main: >>>>>>> stage Prepare base model started <<<<<<<<]
[2025-01-31 14:50:15,607: INFO: common: yaml file : config/config.yaml loaded successfully]
[2025-01-31 14:50:15,610: INFO: common: yaml file : params.yaml loaded successfully]
[2025-01-31 14:50:15,610: INFO: common: created directory at : artifacts ]
[2025-01-31 14:50:15,611: INFO: common: created directory at : artifacts/prepare_base_model ]
[2025-01-31 14:50:17,188: WARNING: saving_utils: Compiled the loaded model, but the compiled metrics have yet to be built. `model.compile_metrics` will be empty until you train or evaluate the model.]
[2025-01-31 14:50:17,430: INFO: main: >>>>>>> stage Prepare base model completed <<<<<<<< ]
[2025-01-31 14:50:17,430: INFO: main: *********************************]
[2025-01-31 14:50:17,430: INFO: main: >>>>>>> stage Training started <<<<<<<<]
[2025-01-31 14:50:17,431: INFO: common: yaml file : config/config.yaml loaded successfully]
[2025-01-31 14:50:17,432: INFO: common: yaml file : params.yaml loaded successfully]
[2025-01-31 14:50:17,432: INFO: common: created directory at : artifacts ]
[2025-01-31 14:50:17,433: INFO: common: created directory at : artifacts/training ]
[2025-01-31 15:06:54,792: INFO: stage_01_data_ingestion: >>>> stage Data Ingestion Stage started <<<<<

x=======x]
[2025-01-31 15:06:54,796: INFO: common: yaml file : config/config.yaml loaded successfully]
[2025-01-31 15:06:54,799: INFO: common: yaml file : params.yaml loaded successfully]
[2025-01-31 15:06:54,800: INFO: common: created directory at : artifacts ]
[2025-01-31 15:06:54,800: INFO: common: created directory at : artifacts/data_ingestion ]
[2025-01-31 15:06:54,800: INFO: data_ingestion: Downloading data from https://drive.google.com/file/d/1dWCgBxAARec_MF61SrFlIa2BjwENO3gN/view?usp=sharing into file artifacts/data_ingestion/data.zip]
[2025-01-31 15:07:37,062: INFO: stage_01_data_ingestion: >>>> stage Data Ingestion Stage started <<<<<

x=======x]
[2025-01-31 15:07:37,063: INFO: common: yaml file : config/config.yaml loaded successfully]
[2025-01-31 15:07:37,064: INFO: common: yaml file : params.yaml loaded successfully]
[2025-01-31 15:07:37,065: INFO: common: created directory at : artifacts ]
[2025-01-31 15:07:37,065: INFO: common: created directory at : artifacts/data_ingestion ]
[2025-01-31 15:07:37,065: INFO: data_ingestion: Downloading data from https://drive.google.com/file/d/1dWCgBxAARec_MF61SrFlIa2BjwENO3gN/view?usp=sharing into file artifacts/data_ingestion/data.zip]
[2025-01-31 15:09:15,910: INFO: data_ingestion: Downloaded data from https://drive.google.com/file/d/1dWCgBxAARec_MF61SrFlIa2BjwENO3gN/view?usp=sharing into file artifacts/data_ingestion/data.zip]
[2025-01-31 15:09:26,568: INFO: stage_01_data_ingestion: >>>> stage Data Ingestion Stage completed <<<<<

x=======x]
[2025-02-02 09:31:37,876: INFO: main: >>>> stage Data Ingestion Stage started <<<<<

x=======x]
[2025-02-02 09:31:37,883: INFO: common: yaml file : config/config.yaml loaded successfully]
[2025-02-02 09:31:37,887: INFO: common: yaml file : params.yaml loaded successfully]
[2025-02-02 09:31:37,889: INFO: common: created directory at : artifacts ]
[2025-02-02 09:31:37,890: INFO: common: created directory at : artifacts/data_ingestion ]
[2025-02-02 09:31:37,890: INFO: data_ingestion: Downloading data from https://drive.google.com/file/d/1dWCgBxAARec_MF61SrFlIa2BjwENO3gN/view?usp=sharing into file artifacts/data_ingestion/data.zip]
[2025-02-02 09:33:34,681: INFO: data_ingestion: Downloaded data from https://drive.google.com/file/d/1dWCgBxAARec_MF61SrFlIa2BjwENO3gN/view?usp=sharing into file artifacts/data_ingestion/data.zip]
[2025-02-02 09:33:49,252: INFO: main: >>>> stage Data Ingestion Stage completed <<<<<

x=======x]
[2025-02-02 09:33:49,252: INFO: main: *********************************]
[2025-02-02 09:33:49,252: INFO: main: >>>>>>> stage Prepare base model started <<<<<<<<]
[2025-02-02 09:33:49,255: INFO: common: yaml file : config/config.yaml loaded successfully]
[2025-02-02 09:33:49,257: INFO: common: yaml file : params.yaml loaded successfully]
[2025-02-02 09:33:49,257: INFO: common: created directory at : artifacts ]
[2025-02-02 09:33:49,258: INFO: common: created directory at : artifacts/prepare_base_model ]
[2025-02-02 09:33:51,960: WARNING: saving_utils: Compiled the loaded model, but the compiled metrics have yet to be built. `model.compile_metrics` will be empty until you train or evaluate the model.]
[2025-02-02 09:33:52,332: INFO: main: >>>>>>> stage Prepare base model completed <<<<<<<< ]
[2025-02-02 09:33:52,332: INFO: main: *********************************]
[2025-02-02 09:33:52,332: INFO: main: >>>>>>> stage Training started <<<<<<<<]
[2025-02-02 09:33:52,335: INFO: common: yaml file : config/config.yaml loaded successfully]
[2025-02-02 09:33:52,337: INFO: common: yaml file : params.yaml loaded successfully]
[2025-02-02 09:33:52,338: INFO: common: created directory at : artifacts ]
[2025-02-02 09:33:52,339: INFO: common: created directory at : artifacts/training ]
[2025-02-02 09:48:51,833: INFO: main: >>>>>>> stage Training completed <<<<<<<< ]
[2025-02-02 09:48:51,835: INFO: main: *********************************]
[2025-02-02 09:48:51,835: INFO: main: >>>>>>> stage Evaluation stage started <<<<<<<<]
[2025-02-02 09:48:51,847: INFO: common: yaml file : config/config.yaml loaded successfully]
[2025-02-02 09:48:51,855: INFO: common: yaml file : params.yaml loaded successfully]
[2025-02-02 09:48:51,858: INFO: common: created directory at : artifacts ]
[2025-02-02 09:53:12,665: INFO: common: json file saved at: scores.json]
[2025-02-02 09:53:12,666: INFO: common: json file saved at: scores.json]
[2025-02-02 09:53:16,230: WARNING: save: Found untraced functions such as _jit_compiled_convolution_op, _jit_compiled_convolution_op, _jit_compiled_convolution_op, _jit_compiled_convolution_op, _jit_compiled_convolution_op while saving (showing 5 of 14). These functions will not be directly callable after loading.]
[2025-02-02 09:53:16,801: INFO: builder_impl: Assets written to: /tmp/tmponnb5zsa/model/data/model/assets]
[2025-02-02 09:53:27,373: INFO: main: >>>>>>> stage Evaluation stage completed <<<<<<<< ]
[2025-02-02 10:03:59,418: INFO: stage_02_prepare_base_model: *******************]
[2025-02-02 10:03:59,419: INFO: stage_02_prepare_base_model: >>>>>> stage Prepare base model started <<<<<<]
[2025-02-02 10:03:59,421: INFO: common: yaml file : config/config.yaml loaded successfully]
[2025-02-02 10:03:59,423: INFO: common: yaml file : params.yaml loaded successfully]
[2025-02-02 10:03:59,423: INFO: common: created directory at : artifacts ]
[2025-02-02 10:03:59,424: INFO: common: created directory at : artifacts/prepare_base_model ]
[2025-02-02 10:04:01,858: WARNING: saving_utils: Compiled the loaded model, but the compiled metrics have yet to be built. `model.compile_metrics` will be empty until you train or evaluate the model.]
[2025-02-02 10:04:02,141: INFO: stage_02_prepare_base_model: >>>>>> stage Prepare base model completed <<<<<<

x==========x]
[2025-02-02 10:04:07,318: INFO: stage_03_model_training: *******************]
[2025-02-02 10:04:07,319: INFO: stage_03_model_training: >>>>>> stage Training started <<<<<<]
[2025-02-02 10:04:07,320: INFO: common: yaml file : config/config.yaml loaded successfully]
[2025-02-02 10:04:07,322: INFO: common: yaml file : params.yaml loaded successfully]
[2025-02-02 10:04:07,322: INFO: common: created directory at : artifacts ]
[2025-02-02 10:04:07,322: INFO: common: created directory at : artifacts/training ]
[2025-02-02 10:15:04,858: INFO: stage_03_model_training: >>>>>> stage Training completed <<<<<<

x==========x]
[2025-02-02 10:48:07,578: INFO: stage_04_model_evaluation: *******************]
[2025-02-02 10:48:07,578: INFO: stage_04_model_evaluation: >>>>>> stage Evaluation stage started <<<<<<]
[2025-02-02 10:48:07,579: INFO: common: yaml file : config/config.yaml loaded successfully]
[2025-02-02 10:48:07,580: INFO: common: yaml file : params.yaml loaded successfully]
[2025-02-02 10:48:07,580: INFO: common: created directory at : artifacts ]
[2025-02-02 10:51:19,311: INFO: common: json file saved at: scores.json]
[2025-02-02 10:51:19,311: INFO: common: json file saved at: scores.json]
[2025-02-02 10:51:21,204: WARNING: save: Found untraced functions such as _jit_compiled_convolution_op, _jit_compiled_convolution_op, _jit_compiled_convolution_op, _jit_compiled_convolution_op, _jit_compiled_convolution_op while saving (showing 5 of 14). These functions will not be directly callable after loading.]
[2025-02-02 10:51:21,658: INFO: builder_impl: Assets written to: /tmp/tmpj86d3yin/model/data/model/assets]
[2025-02-02 10:51:28,855: INFO: stage_04_model_evaluation: >>>>>> stage Evaluation stage completed <<<<<<

x==========x]
